# QEMU configure log Thu Apr 25 13:52:40 EDT 2013
# Configured with: './configure' '--target-list=tilera-softmmu'
#
gcc -D_GNU_SOURCE -D_FILE_OFFSET_BITS=64 -D_LARGEFILE_SOURCE -Wstrict-prototypes -Wredundant-decls -Wall -Wundef -Wwrite-strings -Wmissing-prototypes -fno-strict-aliasing -c -o /tmp/qemu-conf--8137-.o /tmp/qemu-conf--8137-.c
gcc -D_GNU_SOURCE -D_FILE_OFFSET_BITS=64 -D_LARGEFILE_SOURCE -Wstrict-prototypes -Wredundant-decls -Wall -Wundef -Wwrite-strings -Wmissing-prototypes -fno-strict-aliasing -c -o /tmp/qemu-conf--8137-.o /tmp/qemu-conf--8137-.c
gcc -m32 -D_GNU_SOURCE -D_FILE_OFFSET_BITS=64 -D_LARGEFILE_SOURCE -Wstrict-prototypes -Wredundant-decls -Wall -Wundef -Wwrite-strings -Wmissing-prototypes -fno-strict-aliasing -c -o /tmp/qemu-conf--8137-.o /tmp/qemu-conf--8137-.c
gcc -m32 -D_GNU_SOURCE -D_FILE_OFFSET_BITS=64 -D_LARGEFILE_SOURCE -Wstrict-prototypes -Wredundant-decls -Wall -Wundef -Wwrite-strings -Wmissing-prototypes -fno-strict-aliasing -Werror -Winitializer-overrides -o /tmp/qemu-conf--8137-.exe /tmp/qemu-conf--8137-.c -m32 -g
cc1: error: unrecognized command line option "-Winitializer-overrides"
gcc -m32 -D_GNU_SOURCE -D_FILE_OFFSET_BITS=64 -D_LARGEFILE_SOURCE -Wstrict-prototypes -Wredundant-decls -Wall -Wundef -Wwrite-strings -Wmissing-prototypes -fno-strict-aliasing -Werror -fstack-protector-all -o /tmp/qemu-conf--8137-.exe /tmp/qemu-conf--8137-.c -m32 -g
gcc -m32 -D_GNU_SOURCE -D_FILE_OFFSET_BITS=64 -D_LARGEFILE_SOURCE -Wstrict-prototypes -Wredundant-decls -Wall -Wundef -Wwrite-strings -Wmissing-prototypes -fno-strict-aliasing -fstack-protector-all -Werror -Wendif-labels -o /tmp/qemu-conf--8137-.exe /tmp/qemu-conf--8137-.c -m32 -g
gcc -m32 -D_GNU_SOURCE -D_FILE_OFFSET_BITS=64 -D_LARGEFILE_SOURCE -Wstrict-prototypes -Wredundant-decls -Wall -Wundef -Wwrite-strings -Wmissing-prototypes -fno-strict-aliasing -fstack-protector-all -Wendif-labels -Werror -Wmissing-include-dirs -o /tmp/qemu-conf--8137-.exe /tmp/qemu-conf--8137-.c -m32 -g
gcc -m32 -D_GNU_SOURCE -D_FILE_OFFSET_BITS=64 -D_LARGEFILE_SOURCE -Wstrict-prototypes -Wredundant-decls -Wall -Wundef -Wwrite-strings -Wmissing-prototypes -fno-strict-aliasing -fstack-protector-all -Wendif-labels -Wmissing-include-dirs -Werror -Wempty-body -o /tmp/qemu-conf--8137-.exe /tmp/qemu-conf--8137-.c -m32 -g
gcc -m32 -D_GNU_SOURCE -D_FILE_OFFSET_BITS=64 -D_LARGEFILE_SOURCE -Wstrict-prototypes -Wredundant-decls -Wall -Wundef -Wwrite-strings -Wmissing-prototypes -fno-strict-aliasing -fstack-protector-all -Wendif-labels -Wmissing-include-dirs -Wempty-body -Werror -Wnested-externs -o /tmp/qemu-conf--8137-.exe /tmp/qemu-conf--8137-.c -m32 -g
gcc -m32 -D_GNU_SOURCE -D_FILE_OFFSET_BITS=64 -D_LARGEFILE_SOURCE -Wstrict-prototypes -Wredundant-decls -Wall -Wundef -Wwrite-strings -Wmissing-prototypes -fno-strict-aliasing -fstack-protector-all -Wendif-labels -Wmissing-include-dirs -Wempty-body -Wnested-externs -Werror -Wformat-security -o /tmp/qemu-conf--8137-.exe /tmp/qemu-conf--8137-.c -m32 -g
gcc -m32 -D_GNU_SOURCE -D_FILE_OFFSET_BITS=64 -D_LARGEFILE_SOURCE -Wstrict-prototypes -Wredundant-decls -Wall -Wundef -Wwrite-strings -Wmissing-prototypes -fno-strict-aliasing -fstack-protector-all -Wendif-labels -Wmissing-include-dirs -Wempty-body -Wnested-externs -Wformat-security -Werror -Wformat-y2k -o /tmp/qemu-conf--8137-.exe /tmp/qemu-conf--8137-.c -m32 -g
gcc -m32 -D_GNU_SOURCE -D_FILE_OFFSET_BITS=64 -D_LARGEFILE_SOURCE -Wstrict-prototypes -Wredundant-decls -Wall -Wundef -Wwrite-strings -Wmissing-prototypes -fno-strict-aliasing -fstack-protector-all -Wendif-labels -Wmissing-include-dirs -Wempty-body -Wnested-externs -Wformat-security -Wformat-y2k -Werror -Winit-self -o /tmp/qemu-conf--8137-.exe /tmp/qemu-conf--8137-.c -m32 -g
gcc -m32 -D_GNU_SOURCE -D_FILE_OFFSET_BITS=64 -D_LARGEFILE_SOURCE -Wstrict-prototypes -Wredundant-decls -Wall -Wundef -Wwrite-strings -Wmissing-prototypes -fno-strict-aliasing -fstack-protector-all -Wendif-labels -Wmissing-include-dirs -Wempty-body -Wnested-externs -Wformat-security -Wformat-y2k -Winit-self -Werror -Wignored-qualifiers -o /tmp/qemu-conf--8137-.exe /tmp/qemu-conf--8137-.c -m32 -g
gcc -m32 -D_GNU_SOURCE -D_FILE_OFFSET_BITS=64 -D_LARGEFILE_SOURCE -Wstrict-prototypes -Wredundant-decls -Wall -Wundef -Wwrite-strings -Wmissing-prototypes -fno-strict-aliasing -fstack-protector-all -Wendif-labels -Wmissing-include-dirs -Wempty-body -Wnested-externs -Wformat-security -Wformat-y2k -Winit-self -Wignored-qualifiers -Werror -Wold-style-declaration -o /tmp/qemu-conf--8137-.exe /tmp/qemu-conf--8137-.c -m32 -g
gcc -m32 -D_GNU_SOURCE -D_FILE_OFFSET_BITS=64 -D_LARGEFILE_SOURCE -Wstrict-prototypes -Wredundant-decls -Wall -Wundef -Wwrite-strings -Wmissing-prototypes -fno-strict-aliasing -fstack-protector-all -Wendif-labels -Wmissing-include-dirs -Wempty-body -Wnested-externs -Wformat-security -Wformat-y2k -Winit-self -Wignored-qualifiers -Wold-style-declaration -Werror -Wold-style-definition -o /tmp/qemu-conf--8137-.exe /tmp/qemu-conf--8137-.c -m32 -g
gcc -m32 -D_GNU_SOURCE -D_FILE_OFFSET_BITS=64 -D_LARGEFILE_SOURCE -Wstrict-prototypes -Wredundant-decls -Wall -Wundef -Wwrite-strings -Wmissing-prototypes -fno-strict-aliasing -fstack-protector-all -Wendif-labels -Wmissing-include-dirs -Wempty-body -Wnested-externs -Wformat-security -Wformat-y2k -Winit-self -Wignored-qualifiers -Wold-style-declaration -Wold-style-definition -Werror -Wtype-limits -o /tmp/qemu-conf--8137-.exe /tmp/qemu-conf--8137-.c -m32 -g
gcc -m32 -D_GNU_SOURCE -D_FILE_OFFSET_BITS=64 -D_LARGEFILE_SOURCE -Wstrict-prototypes -Wredundant-decls -Wall -Wundef -Wwrite-strings -Wmissing-prototypes -fno-strict-aliasing -fstack-protector-all -Wendif-labels -Wmissing-include-dirs -Wempty-body -Wnested-externs -Wformat-security -Wformat-y2k -Winit-self -Wignored-qualifiers -Wold-style-declaration -Wold-style-definition -Wtype-limits -Werror -fno-gcse -o /tmp/qemu-conf--8137-.exe /tmp/qemu-conf--8137-.c -m32 -g
/tmp/qemu-conf--8137-.c:4:2: error: #error No bug in this compiler.
gcc -m32 -D_GNU_SOURCE -D_FILE_OFFSET_BITS=64 -D_LARGEFILE_SOURCE -Wstrict-prototypes -Wredundant-decls -Wall -Wundef -Wwrite-strings -Wmissing-prototypes -fno-strict-aliasing -fstack-protector-all -Wendif-labels -Wmissing-include-dirs -Wempty-body -Wnested-externs -Wformat-security -Wformat-y2k -Winit-self -Wignored-qualifiers -Wold-style-declaration -Wold-style-definition -Wtype-limits -fPIE -DPIE -o /tmp/qemu-conf--8137-.exe /tmp/qemu-conf--8137-.c -m32 -g -pie
gcc -fPIE -DPIE -m32 -D_GNU_SOURCE -D_FILE_OFFSET_BITS=64 -D_LARGEFILE_SOURCE -Wstrict-prototypes -Wredundant-decls -Wall -Wundef -Wwrite-strings -Wmissing-prototypes -fno-strict-aliasing -fstack-protector-all -Wendif-labels -Wmissing-include-dirs -Wempty-body -Wnested-externs -Wformat-security -Wformat-y2k -Winit-self -Wignored-qualifiers -Wold-style-declaration -Wold-style-definition -Wtype-limits -o /tmp/qemu-conf--8137-.exe /tmp/qemu-conf--8137-.c -pie -m32 -g -Wl,-z,relro -Wl,-z,now
gcc -fPIE -DPIE -m32 -D_GNU_SOURCE -D_FILE_OFFSET_BITS=64 -D_LARGEFILE_SOURCE -Wstrict-prototypes -Wredundant-decls -Wall -Wundef -Wwrite-strings -Wmissing-prototypes -fno-strict-aliasing -fstack-protector-all -Wendif-labels -Wmissing-include-dirs -Wempty-body -Wnested-externs -Wformat-security -Wformat-y2k -Winit-self -Wignored-qualifiers -Wold-style-declaration -Wold-style-definition -Wtype-limits -o /tmp/qemu-conf--8137-.exe /tmp/qemu-conf--8137-.c -Wl,-z,relro -Wl,-z,now -pie -m32 -g
gcc -fPIE -DPIE -m32 -D_GNU_SOURCE -D_FILE_OFFSET_BITS=64 -D_LARGEFILE_SOURCE -Wstrict-prototypes -Wredundant-decls -Wall -Wundef -Wwrite-strings -Wmissing-prototypes -fno-strict-aliasing -fstack-protector-all -Wendif-labels -Wmissing-include-dirs -Wempty-body -Wnested-externs -Wformat-security -Wformat-y2k -Winit-self -Wignored-qualifiers -Wold-style-declaration -Wold-style-definition -Wtype-limits -c -o /tmp/qemu-conf--8137-.o /tmp/qemu-conf--8137-.c
gcc -fPIE -DPIE -m32 -D_GNU_SOURCE -D_FILE_OFFSET_BITS=64 -D_LARGEFILE_SOURCE -Wstrict-prototypes -Wredundant-decls -Wall -Wundef -Wwrite-strings -Wmissing-prototypes -fno-strict-aliasing -fstack-protector-all -Wendif-labels -Wmissing-include-dirs -Wempty-body -Wnested-externs -Wformat-security -Wformat-y2k -Winit-self -Wignored-qualifiers -Wold-style-declaration -Wold-style-definition -Wtype-limits -o /tmp/qemu-conf--8137-.exe /tmp/qemu-conf--8137-.c -Wl,-z,relro -Wl,-z,now -pie -m32 -g -lz
gcc -fPIE -DPIE -m32 -D_GNU_SOURCE -D_FILE_OFFSET_BITS=64 -D_LARGEFILE_SOURCE -Wstrict-prototypes -Wredundant-decls -Wall -Wundef -Wwrite-strings -Wmissing-prototypes -fno-strict-aliasing -fstack-protector-all -Wendif-labels -Wmissing-include-dirs -Wempty-body -Wnested-externs -Wformat-security -Wformat-y2k -Winit-self -Wignored-qualifiers -Wold-style-declaration -Wold-style-definition -Wtype-limits -o /tmp/qemu-conf--8137-.exe /tmp/qemu-conf--8137-.c -Wl,-z,relro -Wl,-z,now -pie -m32 -g -lxenstore -lxenctrl -lxenguest
/tmp/qemu-conf--8137-.c:1:21: error: xenctrl.h: No such file or directory
gcc -fPIE -DPIE -m32 -D_GNU_SOURCE -D_FILE_OFFSET_BITS=64 -D_LARGEFILE_SOURCE -Wstrict-prototypes -Wredundant-decls -Wall -Wundef -Wwrite-strings -Wmissing-prototypes -fno-strict-aliasing -fstack-protector-all -Wendif-labels -Wmissing-include-dirs -Wempty-body -Wnested-externs -Wformat-security -Wformat-y2k -Winit-self -Wignored-qualifiers -Wold-style-declaration -Wold-style-definition -Wtype-limits -o /tmp/qemu-conf--8137-.exe /tmp/qemu-conf--8137-.c -Wl,-z,relro -Wl,-z,now -pie -m32 -g
/tmp/qemu-conf--8137-.c:1:27: error: gnutls/gnutls.h: No such file or directory
/tmp/qemu-conf--8137-.c: In function ‘main’:
/tmp/qemu-conf--8137-.c:2: error: ‘gnutls_session_t’ undeclared (first use in this function)
/tmp/qemu-conf--8137-.c:2: error: (Each undeclared identifier is reported only once
/tmp/qemu-conf--8137-.c:2: error: for each function it appears in.)
/tmp/qemu-conf--8137-.c:2: error: expected ‘;’ before ‘s’
/tmp/qemu-conf--8137-.c:2: warning: implicit declaration of function ‘gnutls_init’
/tmp/qemu-conf--8137-.c:2: warning: nested extern declaration of ‘gnutls_init’
/tmp/qemu-conf--8137-.c:2: error: ‘s’ undeclared (first use in this function)
/tmp/qemu-conf--8137-.c:2: error: ‘GNUTLS_SERVER’ undeclared (first use in this function)
gcc -fPIE -DPIE -m32 -D_GNU_SOURCE -D_FILE_OFFSET_BITS=64 -D_LARGEFILE_SOURCE -Wstrict-prototypes -Wredundant-decls -Wall -Wundef -Wwrite-strings -Wmissing-prototypes -fno-strict-aliasing -fstack-protector-all -Wendif-labels -Wmissing-include-dirs -Wempty-body -Wnested-externs -Wformat-security -Wformat-y2k -Winit-self -Wignored-qualifiers -Wold-style-declaration -Wold-style-definition -Wtype-limits -o /tmp/qemu-conf--8137-.exe /tmp/qemu-conf--8137-.c -Wl,-z,relro -Wl,-z,now -pie -m32 -g -lsasl2
/tmp/qemu-conf--8137-.c:1:23: error: sasl/sasl.h: No such file or directory
/tmp/qemu-conf--8137-.c: In function ‘main’:
/tmp/qemu-conf--8137-.c:3: warning: implicit declaration of function ‘sasl_server_init’
/tmp/qemu-conf--8137-.c:3: warning: nested extern declaration of ‘sasl_server_init’
gcc -fPIE -DPIE -m32 -D_GNU_SOURCE -D_FILE_OFFSET_BITS=64 -D_LARGEFILE_SOURCE -Wstrict-prototypes -Wredundant-decls -Wall -Wundef -Wwrite-strings -Wmissing-prototypes -fno-strict-aliasing -fstack-protector-all -Wendif-labels -Wmissing-include-dirs -Wempty-body -Wnested-externs -Wformat-security -Wformat-y2k -Winit-self -Wignored-qualifiers -Wold-style-declaration -Wold-style-definition -Wtype-limits -o /tmp/qemu-conf--8137-.exe /tmp/qemu-conf--8137-.c -Wl,-z,relro -Wl,-z,now -pie -m32 -g -ljpeg
gcc -fPIE -DPIE -m32 -D_GNU_SOURCE -D_FILE_OFFSET_BITS=64 -D_LARGEFILE_SOURCE -Wstrict-prototypes -Wredundant-decls -Wall -Wundef -Wwrite-strings -Wmissing-prototypes -fno-strict-aliasing -fstack-protector-all -Wendif-labels -Wmissing-include-dirs -Wempty-body -Wnested-externs -Wformat-security -Wformat-y2k -Winit-self -Wignored-qualifiers -Wold-style-declaration -Wold-style-definition -Wtype-limits -I/usr/include/libpng12 -o /tmp/qemu-conf--8137-.exe /tmp/qemu-conf--8137-.c -Wl,-z,relro -Wl,-z,now -pie -m32 -g -lpng12
gcc -fPIE -DPIE -m32 -D_GNU_SOURCE -D_FILE_OFFSET_BITS=64 -D_LARGEFILE_SOURCE -Wstrict-prototypes -Wredundant-decls -Wall -Wundef -Wwrite-strings -Wmissing-prototypes -fno-strict-aliasing -fstack-protector-all -Wendif-labels -Wmissing-include-dirs -Wempty-body -Wnested-externs -Wformat-security -Wformat-y2k -Winit-self -Wignored-qualifiers -Wold-style-declaration -Wold-style-definition -Wtype-limits -I/usr/include/libpng12 -o /tmp/qemu-conf--8137-.exe /tmp/qemu-conf--8137-.c -Wl,-z,relro -Wl,-z,now -pie -m32 -g
gcc -fPIE -DPIE -m32 -D_GNU_SOURCE -D_FILE_OFFSET_BITS=64 -D_LARGEFILE_SOURCE -Wstrict-prototypes -Wredundant-decls -Wall -Wundef -Wwrite-strings -Wmissing-prototypes -fno-strict-aliasing -fstack-protector-all -Wendif-labels -Wmissing-include-dirs -Wempty-body -Wnested-externs -Wformat-security -Wformat-y2k -Winit-self -Wignored-qualifiers -Wold-style-declaration -Wold-style-definition -Wtype-limits -I/usr/include/libpng12 -o /tmp/qemu-conf--8137-.exe /tmp/qemu-conf--8137-.c -Wl,-z,relro -Wl,-z,now -pie -m32 -g -luuid
/tmp/qemu-conf--8137-.c:1:23: error: uuid/uuid.h: No such file or directory
/tmp/qemu-conf--8137-.c: In function ‘main’:
/tmp/qemu-conf--8137-.c:4: error: ‘uuid_t’ undeclared (first use in this function)
/tmp/qemu-conf--8137-.c:4: error: (Each undeclared identifier is reported only once
/tmp/qemu-conf--8137-.c:4: error: for each function it appears in.)
/tmp/qemu-conf--8137-.c:4: error: expected ‘;’ before ‘my_uuid’
/tmp/qemu-conf--8137-.c:5: warning: implicit declaration of function ‘uuid_generate’
/tmp/qemu-conf--8137-.c:5: warning: nested extern declaration of ‘uuid_generate’
/tmp/qemu-conf--8137-.c:5: error: ‘my_uuid’ undeclared (first use in this function)
gcc -fPIE -DPIE -m32 -D_GNU_SOURCE -D_FILE_OFFSET_BITS=64 -D_LARGEFILE_SOURCE -Wstrict-prototypes -Wredundant-decls -Wall -Wundef -Wwrite-strings -Wmissing-prototypes -fno-strict-aliasing -fstack-protector-all -Wendif-labels -Wmissing-include-dirs -Wempty-body -Wnested-externs -Wformat-security -Wformat-y2k -Winit-self -Wignored-qualifiers -Wold-style-declaration -Wold-style-definition -Wtype-limits -I/usr/include/libpng12 -o /tmp/qemu-conf--8137-.exe /tmp/qemu-conf--8137-.c -Wl,-z,relro -Wl,-z,now -pie -m32 -g
/tmp/qemu-conf--8137-.c:2:21: error: xfs/xfs.h: No such file or directory
/tmp/qemu-conf--8137-.c: In function ‘main’:
/tmp/qemu-conf--8137-.c:5: warning: implicit declaration of function ‘xfsctl’
/tmp/qemu-conf--8137-.c:5: warning: nested extern declaration of ‘xfsctl’
gcc -fPIE -DPIE -m32 -D_GNU_SOURCE -D_FILE_OFFSET_BITS=64 -D_LARGEFILE_SOURCE -Wstrict-prototypes -Wredundant-decls -Wall -Wundef -Wwrite-strings -Wmissing-prototypes -fno-strict-aliasing -fstack-protector-all -Wendif-labels -Wmissing-include-dirs -Wempty-body -Wnested-externs -Wformat-security -Wformat-y2k -Winit-self -Wignored-qualifiers -Wold-style-declaration -Wold-style-definition -Wtype-limits -I/usr/include/libpng12 -o /tmp/qemu-conf--8137-.exe /tmp/qemu-conf--8137-.c -Wl,-z,relro -Wl,-z,now -pie -m32 -g -lvdeplug
/tmp/qemu-conf--8137-.c:1:24: error: libvdeplug.h: No such file or directory
/tmp/qemu-conf--8137-.c: In function ‘main’:
/tmp/qemu-conf--8137-.c:4: error: variable ‘a’ has initializer but incomplete type
/tmp/qemu-conf--8137-.c:4: warning: excess elements in struct initializer
/tmp/qemu-conf--8137-.c:4: warning: (near initialization for ‘a’)
/tmp/qemu-conf--8137-.c:4: warning: excess elements in struct initializer
/tmp/qemu-conf--8137-.c:4: warning: (near initialization for ‘a’)
/tmp/qemu-conf--8137-.c:4: warning: excess elements in struct initializer
/tmp/qemu-conf--8137-.c:4: warning: (near initialization for ‘a’)
/tmp/qemu-conf--8137-.c:4: error: storage size of ‘a’ isn’t known
/tmp/qemu-conf--8137-.c:6: warning: implicit declaration of function ‘vde_open’
/tmp/qemu-conf--8137-.c:6: warning: nested extern declaration of ‘vde_open’
/tmp/qemu-conf--8137-.c:4: warning: unused variable ‘a’
gcc -fPIE -DPIE -m32 -D_GNU_SOURCE -D_FILE_OFFSET_BITS=64 -D_LARGEFILE_SOURCE -Wstrict-prototypes -Wredundant-decls -Wall -Wundef -Wwrite-strings -Wmissing-prototypes -fno-strict-aliasing -fstack-protector-all -Wendif-labels -Wmissing-include-dirs -Wempty-body -Wnested-externs -Wformat-security -Wformat-y2k -Winit-self -Wignored-qualifiers -Wold-style-declaration -Wold-style-definition -Wtype-limits -I/usr/include/libpng12 -o /tmp/qemu-conf--8137-.exe /tmp/qemu-conf--8137-.c -Wl,-z,relro -Wl,-z,now -pie -m32 -g -lcap-ng
/tmp/qemu-conf--8137-.c:1:20: error: cap-ng.h: No such file or directory
/tmp/qemu-conf--8137-.c: In function ‘main’:
/tmp/qemu-conf--8137-.c:4: warning: implicit declaration of function ‘capng_capability_to_name’
/tmp/qemu-conf--8137-.c:4: warning: nested extern declaration of ‘capng_capability_to_name’
/tmp/qemu-conf--8137-.c:4: error: ‘CAPNG_EFFECTIVE’ undeclared (first use in this function)
/tmp/qemu-conf--8137-.c:4: error: (Each undeclared identifier is reported only once
/tmp/qemu-conf--8137-.c:4: error: for each function it appears in.)
gcc -fPIE -DPIE -m32 -D_GNU_SOURCE -D_FILE_OFFSET_BITS=64 -D_LARGEFILE_SOURCE -Wstrict-prototypes -Wredundant-decls -Wall -Wundef -Wwrite-strings -Wmissing-prototypes -fno-strict-aliasing -fstack-protector-all -Wendif-labels -Wmissing-include-dirs -Wempty-body -Wnested-externs -Wformat-security -Wformat-y2k -Winit-self -Wignored-qualifiers -Wold-style-declaration -Wold-style-definition -Wtype-limits -I/usr/include/libpng12 -o /tmp/qemu-conf--8137-.exe /tmp/qemu-conf--8137-.c -Wl,-z,relro -Wl,-z,now -pie -m32 -g -lbrlapi
/tmp/qemu-conf--8137-.c:1:20: error: brlapi.h: No such file or directory
/tmp/qemu-conf--8137-.c: In function ‘main’:
/tmp/qemu-conf--8137-.c:3: warning: implicit declaration of function ‘brlapi__openConnection’
/tmp/qemu-conf--8137-.c:3: warning: nested extern declaration of ‘brlapi__openConnection’
gcc -fPIE -DPIE -m32 -D_GNU_SOURCE -D_FILE_OFFSET_BITS=64 -D_LARGEFILE_SOURCE -Wstrict-prototypes -Wredundant-decls -Wall -Wundef -Wwrite-strings -Wmissing-prototypes -fno-strict-aliasing -fstack-protector-all -Wendif-labels -Wmissing-include-dirs -Wempty-body -Wnested-externs -Wformat-security -Wformat-y2k -Winit-self -Wignored-qualifiers -Wold-style-declaration -Wold-style-definition -Wtype-limits -I/usr/include/libpng12 -o /tmp/qemu-conf--8137-.exe /tmp/qemu-conf--8137-.c -Wl,-z,relro -Wl,-z,now -pie -m32 -g -lncurses
gcc -fPIE -DPIE -m32 -D_GNU_SOURCE -D_FILE_OFFSET_BITS=64 -D_LARGEFILE_SOURCE -Wstrict-prototypes -Wredundant-decls -Wall -Wundef -Wwrite-strings -Wmissing-prototypes -fno-strict-aliasing -fstack-protector-all -Wendif-labels -Wmissing-include-dirs -Wempty-body -Wnested-externs -Wformat-security -Wformat-y2k -Winit-self -Wignored-qualifiers -Wold-style-declaration -Wold-style-definition -Wtype-limits -I/usr/include/libpng12 -o /tmp/qemu-conf--8137-.exe /tmp/qemu-conf--8137-.c -Wl,-z,relro -Wl,-z,now -pie -m32 -g
/tmp/qemu-conf--8137-.c:1:23: error: curl/curl.h: No such file or directory
/tmp/qemu-conf--8137-.c: In function ‘main’:
/tmp/qemu-conf--8137-.c:2: warning: implicit declaration of function ‘curl_easy_init’
/tmp/qemu-conf--8137-.c:2: warning: nested extern declaration of ‘curl_easy_init’
/tmp/qemu-conf--8137-.c:2: warning: implicit declaration of function ‘curl_multi_setopt’
/tmp/qemu-conf--8137-.c:2: warning: nested extern declaration of ‘curl_multi_setopt’
gcc -fPIE -DPIE -m32 -D_GNU_SOURCE -D_FILE_OFFSET_BITS=64 -D_LARGEFILE_SOURCE -Wstrict-prototypes -Wredundant-decls -Wall -Wundef -Wwrite-strings -Wmissing-prototypes -fno-strict-aliasing -fstack-protector-all -Wendif-labels -Wmissing-include-dirs -Wempty-body -Wnested-externs -Wformat-security -Wformat-y2k -Winit-self -Wignored-qualifiers -Wold-style-declaration -Wold-style-definition -Wtype-limits -I/usr/include/libpng12 -o /tmp/qemu-conf--8137-.exe /tmp/qemu-conf--8137-.c -Wl,-z,relro -Wl,-z,now -pie -m32 -g
/tmp/qemu-conf--8137-.c:1:33: error: bluetooth/bluetooth.h: No such file or directory
/tmp/qemu-conf--8137-.c: In function ‘main’:
/tmp/qemu-conf--8137-.c:2: warning: implicit declaration of function ‘bt_error’
/tmp/qemu-conf--8137-.c:2: warning: nested extern declaration of ‘bt_error’
gcc -fPIE -DPIE -m32 -D_GNU_SOURCE -D_FILE_OFFSET_BITS=64 -D_LARGEFILE_SOURCE -Wstrict-prototypes -Wredundant-decls -Wall -Wundef -Wwrite-strings -Wmissing-prototypes -fno-strict-aliasing -fstack-protector-all -Wendif-labels -Wmissing-include-dirs -Wempty-body -Wnested-externs -Wformat-security -Wformat-y2k -Winit-self -Wignored-qualifiers -Wold-style-declaration -Wold-style-definition -Wtype-limits -I/usr/include/libpng12 -o /tmp/qemu-conf--8137-.exe /tmp/qemu-conf--8137-.c -Wl,-z,relro -Wl,-z,now -pie -m32 -g -lcap
/tmp/qemu-conf--8137-.c:2:28: error: sys/capability.h: No such file or directory
/tmp/qemu-conf--8137-.c: In function ‘main’:
/tmp/qemu-conf--8137-.c:3: error: ‘cap_t’ undeclared (first use in this function)
/tmp/qemu-conf--8137-.c:3: error: (Each undeclared identifier is reported only once
/tmp/qemu-conf--8137-.c:3: error: for each function it appears in.)
/tmp/qemu-conf--8137-.c:3: error: expected ‘;’ before ‘caps’
/tmp/qemu-conf--8137-.c:3: error: ‘caps’ undeclared (first use in this function)
/tmp/qemu-conf--8137-.c:3: warning: implicit declaration of function ‘cap_init’
/tmp/qemu-conf--8137-.c:3: warning: nested extern declaration of ‘cap_init’
gcc -fPIE -DPIE -m32 -D_GNU_SOURCE -D_FILE_OFFSET_BITS=64 -D_LARGEFILE_SOURCE -Wstrict-prototypes -Wredundant-decls -Wall -Wundef -Wwrite-strings -Wmissing-prototypes -fno-strict-aliasing -fstack-protector-all -Wendif-labels -Wmissing-include-dirs -Wempty-body -Wnested-externs -Wformat-security -Wformat-y2k -Winit-self -Wignored-qualifiers -Wold-style-declaration -Wold-style-definition -Wtype-limits -I/usr/include/libpng12 -o /tmp/qemu-conf--8137-.exe /tmp/qemu-conf--8137-.c -Wl,-z,relro -Wl,-z,now -pie -m32 -g
/tmp/cc2J11oB.o: In function `main':
/tmp/qemu-conf--8137-.c:5: undefined reference to `pthread_create'
collect2: ld returned 1 exit status
gcc -fPIE -DPIE -m32 -D_GNU_SOURCE -D_FILE_OFFSET_BITS=64 -D_LARGEFILE_SOURCE -Wstrict-prototypes -Wredundant-decls -Wall -Wundef -Wwrite-strings -Wmissing-prototypes -fno-strict-aliasing -fstack-protector-all -Wendif-labels -Wmissing-include-dirs -Wempty-body -Wnested-externs -Wformat-security -Wformat-y2k -Winit-self -Wignored-qualifiers -Wold-style-declaration -Wold-style-definition -Wtype-limits -I/usr/include/libpng12 -o /tmp/qemu-conf--8137-.exe /tmp/qemu-conf--8137-.c -Wl,-z,relro -Wl,-z,now -pie -m32 -g -pthread
gcc -fPIE -DPIE -m32 -D_GNU_SOURCE -D_FILE_OFFSET_BITS=64 -D_LARGEFILE_SOURCE -Wstrict-prototypes -Wredundant-decls -Wall -Wundef -Wwrite-strings -Wmissing-prototypes -fno-strict-aliasing -fstack-protector-all -Wendif-labels -Wmissing-include-dirs -Wempty-body -Wnested-externs -Wformat-security -Wformat-y2k -Winit-self -Wignored-qualifiers -Wold-style-declaration -Wold-style-definition -Wtype-limits -I/usr/include/libpng12 -o /tmp/qemu-conf--8137-.exe /tmp/qemu-conf--8137-.c -Wl,-z,relro -Wl,-z,now -pie -m32 -g -lrbd -lrados
/tmp/qemu-conf--8137-.c:2:24: error: rbd/librbd.h: No such file or directory
/tmp/qemu-conf--8137-.c: In function ‘main’:
/tmp/qemu-conf--8137-.c:4: error: ‘rados_t’ undeclared (first use in this function)
/tmp/qemu-conf--8137-.c:4: error: (Each undeclared identifier is reported only once
/tmp/qemu-conf--8137-.c:4: error: for each function it appears in.)
/tmp/qemu-conf--8137-.c:4: error: expected ‘;’ before ‘cluster’
/tmp/qemu-conf--8137-.c:5: warning: implicit declaration of function ‘rados_create’
/tmp/qemu-conf--8137-.c:5: warning: nested extern declaration of ‘rados_create’
/tmp/qemu-conf--8137-.c:5: error: ‘cluster’ undeclared (first use in this function)
gcc -fPIE -DPIE -m32 -D_GNU_SOURCE -D_FILE_OFFSET_BITS=64 -D_LARGEFILE_SOURCE -Wstrict-prototypes -Wredundant-decls -Wall -Wundef -Wwrite-strings -Wmissing-prototypes -fno-strict-aliasing -fstack-protector-all -Wendif-labels -Wmissing-include-dirs -Wempty-body -Wnested-externs -Wformat-security -Wformat-y2k -Winit-self -Wignored-qualifiers -Wold-style-declaration -Wold-style-definition -Wtype-limits -I/usr/include/libpng12 -o /tmp/qemu-conf--8137-.exe /tmp/qemu-conf--8137-.c -Wl,-z,relro -Wl,-z,now -pie -m32 -g -laio
/tmp/qemu-conf--8137-.c:1:20: error: libaio.h: No such file or directory
/tmp/qemu-conf--8137-.c: In function ‘main’:
/tmp/qemu-conf--8137-.c:4: warning: implicit declaration of function ‘io_setup’
/tmp/qemu-conf--8137-.c:4: warning: nested extern declaration of ‘io_setup’
/tmp/qemu-conf--8137-.c:4: warning: implicit declaration of function ‘io_set_eventfd’
/tmp/qemu-conf--8137-.c:4: warning: nested extern declaration of ‘io_set_eventfd’
gcc -fPIE -DPIE -m32 -D_GNU_SOURCE -D_FILE_OFFSET_BITS=64 -D_LARGEFILE_SOURCE -Wstrict-prototypes -Wredundant-decls -Wall -Wundef -Wwrite-strings -Wmissing-prototypes -fno-strict-aliasing -fstack-protector-all -Wendif-labels -Wmissing-include-dirs -Wempty-body -Wnested-externs -Wformat-security -Wformat-y2k -Winit-self -Wignored-qualifiers -Wold-style-declaration -Wold-style-definition -Wtype-limits -I/usr/include/libpng12 -o /tmp/qemu-conf--8137-.exe /tmp/qemu-conf--8137-.c -Wl,-z,relro -Wl,-z,now -pie -m32 -g
gcc -fPIE -DPIE -m32 -D_GNU_SOURCE -D_FILE_OFFSET_BITS=64 -D_LARGEFILE_SOURCE -Wstrict-prototypes -Wredundant-decls -Wall -Wundef -Wwrite-strings -Wmissing-prototypes -fno-strict-aliasing -fstack-protector-all -Wendif-labels -Wmissing-include-dirs -Wempty-body -Wnested-externs -Wformat-security -Wformat-y2k -Winit-self -Wignored-qualifiers -Wold-style-declaration -Wold-style-definition -Wtype-limits -I/usr/include/libpng12 -o /tmp/qemu-conf--8137-.exe /tmp/qemu-conf--8137-.c -Wl,-z,relro -Wl,-z,now -pie -m32 -g
gcc -fPIE -DPIE -m32 -D_GNU_SOURCE -D_FILE_OFFSET_BITS=64 -D_LARGEFILE_SOURCE -Wstrict-prototypes -Wredundant-decls -Wall -Wundef -Wwrite-strings -Wmissing-prototypes -fno-strict-aliasing -fstack-protector-all -Wendif-labels -Wmissing-include-dirs -Wempty-body -Wnested-externs -Wformat-security -Wformat-y2k -Winit-self -Wignored-qualifiers -Wold-style-declaration -Wold-style-definition -Wtype-limits -I/usr/include/libpng12 -o /tmp/qemu-conf--8137-.exe /tmp/qemu-conf--8137-.c -Wl,-z,relro -Wl,-z,now -pie -m32 -g
gcc -fPIE -DPIE -m32 -D_GNU_SOURCE -D_FILE_OFFSET_BITS=64 -D_LARGEFILE_SOURCE -Wstrict-prototypes -Wredundant-decls -Wall -Wundef -Wwrite-strings -Wmissing-prototypes -fno-strict-aliasing -fstack-protector-all -Wendif-labels -Wmissing-include-dirs -Wempty-body -Wnested-externs -Wformat-security -Wformat-y2k -Winit-self -Wignored-qualifiers -Wold-style-declaration -Wold-style-definition -Wtype-limits -I/usr/include/libpng12 -o /tmp/qemu-conf--8137-.exe /tmp/qemu-conf--8137-.c -Wl,-z,relro -Wl,-z,now -pie -m32 -g -lfdt
/usr/bin/ld: cannot find -lfdt
collect2: ld returned 1 exit status
gcc -fPIE -DPIE -m32 -D_GNU_SOURCE -D_FILE_OFFSET_BITS=64 -D_LARGEFILE_SOURCE -Wstrict-prototypes -Wredundant-decls -Wall -Wundef -Wwrite-strings -Wmissing-prototypes -fno-strict-aliasing -fstack-protector-all -Wendif-labels -Wmissing-include-dirs -Wempty-body -Wnested-externs -Wformat-security -Wformat-y2k -Winit-self -Wignored-qualifiers -Wold-style-declaration -Wold-style-definition -Wtype-limits -I/usr/include/libpng12 -o /tmp/qemu-conf--8137-.exe /tmp/qemu-conf--8137-.c -Wl,-z,relro -Wl,-z,now -pie -m32 -g -lGL
/tmp/qemu-conf--8137-.c:2:19: error: GL/gl.h: No such file or directory
/tmp/qemu-conf--8137-.c:3:20: error: GL/glx.h: No such file or directory
/tmp/qemu-conf--8137-.c: In function ‘main’:
/tmp/qemu-conf--8137-.c:4: error: ‘GL_VERSION’ undeclared (first use in this function)
/tmp/qemu-conf--8137-.c:4: error: (Each undeclared identifier is reported only once
/tmp/qemu-conf--8137-.c:4: error: for each function it appears in.)
gcc -fPIE -DPIE -m32 -D_GNU_SOURCE -D_FILE_OFFSET_BITS=64 -D_LARGEFILE_SOURCE -Wstrict-prototypes -Wredundant-decls -Wall -Wundef -Wwrite-strings -Wmissing-prototypes -fno-strict-aliasing -fstack-protector-all -Wendif-labels -Wmissing-include-dirs -Wempty-body -Wnested-externs -Wformat-security -Wformat-y2k -Winit-self -Wignored-qualifiers -Wold-style-declaration -Wold-style-definition -Wtype-limits -I/usr/include/libpng12 -o /tmp/qemu-conf--8137-.exe /tmp/qemu-conf--8137-.c -Wl,-z,relro -Wl,-z,now -pie -m32 -g -lgfapi -lgfrpc -lgfxdr
/tmp/qemu-conf--8137-.c:1:32: error: glusterfs/api/glfs.h: No such file or directory
/tmp/qemu-conf--8137-.c: In function ‘main’:
/tmp/qemu-conf--8137-.c:3: warning: implicit declaration of function ‘glfs_new’
/tmp/qemu-conf--8137-.c:3: warning: nested extern declaration of ‘glfs_new’
gcc -fPIE -DPIE -m32 -D_GNU_SOURCE -D_FILE_OFFSET_BITS=64 -D_LARGEFILE_SOURCE -Wstrict-prototypes -Wredundant-decls -Wall -Wundef -Wwrite-strings -Wmissing-prototypes -fno-strict-aliasing -fstack-protector-all -Wendif-labels -Wmissing-include-dirs -Wempty-body -Wnested-externs -Wformat-security -Wformat-y2k -Winit-self -Wignored-qualifiers -Wold-style-declaration -Wold-style-definition -Wtype-limits -I/usr/include/libpng12 -o /tmp/qemu-conf--8137-.exe /tmp/qemu-conf--8137-.c -Wl,-z,relro -Wl,-z,now -pie -m32 -g
gcc -fPIE -DPIE -m32 -D_GNU_SOURCE -D_FILE_OFFSET_BITS=64 -D_LARGEFILE_SOURCE -Wstrict-prototypes -Wredundant-decls -Wall -Wundef -Wwrite-strings -Wmissing-prototypes -fno-strict-aliasing -fstack-protector-all -Wendif-labels -Wmissing-include-dirs -Wempty-body -Wnested-externs -Wformat-security -Wformat-y2k -Winit-self -Wignored-qualifiers -Wold-style-declaration -Wold-style-definition -Wtype-limits -I/usr/include/libpng12 -o /tmp/qemu-conf--8137-.exe /tmp/qemu-conf--8137-.c -Wl,-z,relro -Wl,-z,now -pie -m32 -g
gcc -fPIE -DPIE -m32 -D_GNU_SOURCE -D_FILE_OFFSET_BITS=64 -D_LARGEFILE_SOURCE -Wstrict-prototypes -Wredundant-decls -Wall -Wundef -Wwrite-strings -Wmissing-prototypes -fno-strict-aliasing -fstack-protector-all -Wendif-labels -Wmissing-include-dirs -Wempty-body -Wnested-externs -Wformat-security -Wformat-y2k -Winit-self -Wignored-qualifiers -Wold-style-declaration -Wold-style-definition -Wtype-limits -I/usr/include/libpng12 -o /tmp/qemu-conf--8137-.exe /tmp/qemu-conf--8137-.c -Wl,-z,relro -Wl,-z,now -pie -m32 -g
gcc -fPIE -DPIE -m32 -D_GNU_SOURCE -D_FILE_OFFSET_BITS=64 -D_LARGEFILE_SOURCE -Wstrict-prototypes -Wredundant-decls -Wall -Wundef -Wwrite-strings -Wmissing-prototypes -fno-strict-aliasing -fstack-protector-all -Wendif-labels -Wmissing-include-dirs -Wempty-body -Wnested-externs -Wformat-security -Wformat-y2k -Winit-self -Wignored-qualifiers -Wold-style-declaration -Wold-style-definition -Wtype-limits -I/usr/include/libpng12 -o /tmp/qemu-conf--8137-.exe /tmp/qemu-conf--8137-.c -Wl,-z,relro -Wl,-z,now -pie -m32 -g
gcc -fPIE -DPIE -m32 -D_GNU_SOURCE -D_FILE_OFFSET_BITS=64 -D_LARGEFILE_SOURCE -Wstrict-prototypes -Wredundant-decls -Wall -Wundef -Wwrite-strings -Wmissing-prototypes -fno-strict-aliasing -fstack-protector-all -Wendif-labels -Wmissing-include-dirs -Wempty-body -Wnested-externs -Wformat-security -Wformat-y2k -Winit-self -Wignored-qualifiers -Wold-style-declaration -Wold-style-definition -Wtype-limits -I/usr/include/libpng12 -o /tmp/qemu-conf--8137-.exe /tmp/qemu-conf--8137-.c -Wl,-z,relro -Wl,-z,now -pie -m32 -g
gcc -fPIE -DPIE -m32 -D_GNU_SOURCE -D_FILE_OFFSET_BITS=64 -D_LARGEFILE_SOURCE -Wstrict-prototypes -Wredundant-decls -Wall -Wundef -Wwrite-strings -Wmissing-prototypes -fno-strict-aliasing -fstack-protector-all -Wendif-labels -Wmissing-include-dirs -Wempty-body -Wnested-externs -Wformat-security -Wformat-y2k -Winit-self -Wignored-qualifiers -Wold-style-declaration -Wold-style-definition -Wtype-limits -I/usr/include/libpng12 -o /tmp/qemu-conf--8137-.exe /tmp/qemu-conf--8137-.c -Wl,-z,relro -Wl,-z,now -pie -m32 -g
gcc -fPIE -DPIE -m32 -D_GNU_SOURCE -D_FILE_OFFSET_BITS=64 -D_LARGEFILE_SOURCE -Wstrict-prototypes -Wredundant-decls -Wall -Wundef -Wwrite-strings -Wmissing-prototypes -fno-strict-aliasing -fstack-protector-all -Wendif-labels -Wmissing-include-dirs -Wempty-body -Wnested-externs -Wformat-security -Wformat-y2k -Winit-self -Wignored-qualifiers -Wold-style-declaration -Wold-style-definition -Wtype-limits -I/usr/include/libpng12 -o /tmp/qemu-conf--8137-.exe /tmp/qemu-conf--8137-.c -Wl,-z,relro -Wl,-z,now -pie -m32 -g
gcc -fPIE -DPIE -m32 -D_GNU_SOURCE -D_FILE_OFFSET_BITS=64 -D_LARGEFILE_SOURCE -Wstrict-prototypes -Wredundant-decls -Wall -Wundef -Wwrite-strings -Wmissing-prototypes -fno-strict-aliasing -fstack-protector-all -Wendif-labels -Wmissing-include-dirs -Wempty-body -Wnested-externs -Wformat-security -Wformat-y2k -Winit-self -Wignored-qualifiers -Wold-style-declaration -Wold-style-definition -Wtype-limits -I/usr/include/libpng12 -o /tmp/qemu-conf--8137-.exe /tmp/qemu-conf--8137-.c -Wl,-z,relro -Wl,-z,now -pie -m32 -g
gcc -fPIE -DPIE -m32 -D_GNU_SOURCE -D_FILE_OFFSET_BITS=64 -D_LARGEFILE_SOURCE -Wstrict-prototypes -Wredundant-decls -Wall -Wundef -Wwrite-strings -Wmissing-prototypes -fno-strict-aliasing -fstack-protector-all -Wendif-labels -Wmissing-include-dirs -Wempty-body -Wnested-externs -Wformat-security -Wformat-y2k -Winit-self -Wignored-qualifiers -Wold-style-declaration -Wold-style-definition -Wtype-limits -I/usr/include/libpng12 -o /tmp/qemu-conf--8137-.exe /tmp/qemu-conf--8137-.c -Wl,-z,relro -Wl,-z,now -pie -m32 -g
gcc -fPIE -DPIE -m32 -D_GNU_SOURCE -D_FILE_OFFSET_BITS=64 -D_LARGEFILE_SOURCE -Wstrict-prototypes -Wredundant-decls -Wall -Wundef -Wwrite-strings -Wmissing-prototypes -fno-strict-aliasing -fstack-protector-all -Wendif-labels -Wmissing-include-dirs -Wempty-body -Wnested-externs -Wformat-security -Wformat-y2k -Winit-self -Wignored-qualifiers -Wold-style-declaration -Wold-style-definition -Wtype-limits -I/usr/include/libpng12 -o /tmp/qemu-conf--8137-.exe /tmp/qemu-conf--8137-.c -Wl,-z,relro -Wl,-z,now -pie -m32 -g
gcc -fPIE -DPIE -m32 -D_GNU_SOURCE -D_FILE_OFFSET_BITS=64 -D_LARGEFILE_SOURCE -Wstrict-prototypes -Wredundant-decls -Wall -Wundef -Wwrite-strings -Wmissing-prototypes -fno-strict-aliasing -fstack-protector-all -Wendif-labels -Wmissing-include-dirs -Wempty-body -Wnested-externs -Wformat-security -Wformat-y2k -Winit-self -Wignored-qualifiers -Wold-style-declaration -Wold-style-definition -Wtype-limits -I/usr/include/libpng12 -o /tmp/qemu-conf--8137-.exe /tmp/qemu-conf--8137-.c -Wl,-z,relro -Wl,-z,now -pie -m32 -g
gcc -fPIE -DPIE -m32 -D_GNU_SOURCE -D_FILE_OFFSET_BITS=64 -D_LARGEFILE_SOURCE -Wstrict-prototypes -Wredundant-decls -Wall -Wundef -Wwrite-strings -Wmissing-prototypes -fno-strict-aliasing -fstack-protector-all -Wendif-labels -Wmissing-include-dirs -Wempty-body -Wnested-externs -Wformat-security -Wformat-y2k -Winit-self -Wignored-qualifiers -Wold-style-declaration -Wold-style-definition -Wtype-limits -I/usr/include/libpng12 -o /tmp/qemu-conf--8137-.exe /tmp/qemu-conf--8137-.c -Wl,-z,relro -Wl,-z,now -pie -m32 -g
gcc -fPIE -DPIE -m32 -D_GNU_SOURCE -D_FILE_OFFSET_BITS=64 -D_LARGEFILE_SOURCE -Wstrict-prototypes -Wredundant-decls -Wall -Wundef -Wwrite-strings -Wmissing-prototypes -fno-strict-aliasing -fstack-protector-all -Wendif-labels -Wmissing-include-dirs -Wempty-body -Wnested-externs -Wformat-security -Wformat-y2k -Winit-self -Wignored-qualifiers -Wold-style-declaration -Wold-style-definition -Wtype-limits -I/usr/include/libpng12 -o /tmp/qemu-conf--8137-.exe /tmp/qemu-conf--8137-.c -Wl,-z,relro -Wl,-z,now -pie -m32 -g
gcc -fPIE -DPIE -m32 -D_GNU_SOURCE -D_FILE_OFFSET_BITS=64 -D_LARGEFILE_SOURCE -Wstrict-prototypes -Wredundant-decls -Wall -Wundef -Wwrite-strings -Wmissing-prototypes -fno-strict-aliasing -fstack-protector-all -Wendif-labels -Wmissing-include-dirs -Wempty-body -Wnested-externs -Wformat-security -Wformat-y2k -Winit-self -Wignored-qualifiers -Wold-style-declaration -Wold-style-definition -Wtype-limits -I/usr/include/libpng12 -o /tmp/qemu-conf--8137-.exe /tmp/qemu-conf--8137-.c -Wl,-z,relro -Wl,-z,now -pie -m32 -g
gcc -fPIE -DPIE -m32 -D_GNU_SOURCE -D_FILE_OFFSET_BITS=64 -D_LARGEFILE_SOURCE -Wstrict-prototypes -Wredundant-decls -Wall -Wundef -Wwrite-strings -Wmissing-prototypes -fno-strict-aliasing -fstack-protector-all -Wendif-labels -Wmissing-include-dirs -Wempty-body -Wnested-externs -Wformat-security -Wformat-y2k -Winit-self -Wignored-qualifiers -Wold-style-declaration -Wold-style-definition -Wtype-limits -I/usr/include/libpng12 -o /tmp/qemu-conf--8137-.exe /tmp/qemu-conf--8137-.c -Wl,-z,relro -Wl,-z,now -pie -m32 -g
gcc -fPIE -DPIE -m32 -D_GNU_SOURCE -D_FILE_OFFSET_BITS=64 -D_LARGEFILE_SOURCE -Wstrict-prototypes -Wredundant-decls -Wall -Wundef -Wwrite-strings -Wmissing-prototypes -fno-strict-aliasing -fstack-protector-all -Wendif-labels -Wmissing-include-dirs -Wempty-body -Wnested-externs -Wformat-security -Wformat-y2k -Winit-self -Wignored-qualifiers -Wold-style-declaration -Wold-style-definition -Wtype-limits -I/usr/include/libpng12 -o /tmp/qemu-conf--8137-.exe /tmp/qemu-conf--8137-.c -Wl,-z,relro -Wl,-z,now -pie -m32 -g
gcc -fPIE -DPIE -m32 -D_GNU_SOURCE -D_FILE_OFFSET_BITS=64 -D_LARGEFILE_SOURCE -Wstrict-prototypes -Wredundant-decls -Wall -Wundef -Wwrite-strings -Wmissing-prototypes -fno-strict-aliasing -fstack-protector-all -Wendif-labels -Wmissing-include-dirs -Wempty-body -Wnested-externs -Wformat-security -Wformat-y2k -Winit-self -Wignored-qualifiers -Wold-style-declaration -Wold-style-definition -Wtype-limits -I/usr/include/libpng12 -o /tmp/qemu-conf--8137-.exe /tmp/qemu-conf--8137-.c -Wl,-z,relro -Wl,-z,now -pie -m32 -g
gcc -fPIE -DPIE -m32 -D_GNU_SOURCE -D_FILE_OFFSET_BITS=64 -D_LARGEFILE_SOURCE -Wstrict-prototypes -Wredundant-decls -Wall -Wundef -Wwrite-strings -Wmissing-prototypes -fno-strict-aliasing -fstack-protector-all -Wendif-labels -Wmissing-include-dirs -Wempty-body -Wnested-externs -Wformat-security -Wformat-y2k -Winit-self -Wignored-qualifiers -Wold-style-declaration -Wold-style-definition -Wtype-limits -I/usr/include/libpng12 -o /tmp/qemu-conf--8137-.exe /tmp/qemu-conf--8137-.c -Wl,-z,relro -Wl,-z,now -pie -m32 -g
/tmp/qemu-conf--8137-.c:1:24: error: sys/endian.h: No such file or directory
/tmp/qemu-conf--8137-.c:3:27: error: machine/bswap.h: No such file or directory
/tmp/qemu-conf--8137-.c: In function ‘main’:
/tmp/qemu-conf--8137-.c:4: warning: implicit declaration of function ‘bswap32’
/tmp/qemu-conf--8137-.c:4: warning: nested extern declaration of ‘bswap32’
gcc -fPIE -DPIE -m32 -D_GNU_SOURCE -D_FILE_OFFSET_BITS=64 -D_LARGEFILE_SOURCE -Wstrict-prototypes -Wredundant-decls -Wall -Wundef -Wwrite-strings -Wmissing-prototypes -fno-strict-aliasing -fstack-protector-all -Wendif-labels -Wmissing-include-dirs -Wempty-body -Wnested-externs -Wformat-security -Wformat-y2k -Winit-self -Wignored-qualifiers -Wold-style-declaration -Wold-style-definition -Wtype-limits -I/usr/include/libpng12 -o /tmp/qemu-conf--8137-.exe /tmp/qemu-conf--8137-.c -Wl,-z,relro -Wl,-z,now -pie -m32 -g -liscsi
/tmp/qemu-conf--8137-.c:2:25: error: iscsi/iscsi.h: No such file or directory
/tmp/qemu-conf--8137-.c: In function ‘main’:
/tmp/qemu-conf--8137-.c:3: warning: implicit declaration of function ‘iscsi_unmap_sync’
/tmp/qemu-conf--8137-.c:3: warning: nested extern declaration of ‘iscsi_unmap_sync’
gcc -fPIE -DPIE -m32 -D_GNU_SOURCE -D_FILE_OFFSET_BITS=64 -D_LARGEFILE_SOURCE -Wstrict-prototypes -Wredundant-decls -Wall -Wundef -Wwrite-strings -Wmissing-prototypes -fno-strict-aliasing -fstack-protector-all -Wendif-labels -Wmissing-include-dirs -Wempty-body -Wnested-externs -Wformat-security -Wformat-y2k -Winit-self -Wignored-qualifiers -Wold-style-declaration -Wold-style-definition -Wtype-limits -I/usr/include/libpng12 -o /tmp/qemu-conf--8137-.exe /tmp/qemu-conf--8137-.c -Wl,-z,relro -Wl,-z,now -pie -m32 -g
gcc -fPIE -DPIE -m32 -D_GNU_SOURCE -D_FILE_OFFSET_BITS=64 -D_LARGEFILE_SOURCE -Wstrict-prototypes -Wredundant-decls -Wall -Wundef -Wwrite-strings -Wmissing-prototypes -fno-strict-aliasing -fstack-protector-all -Wendif-labels -Wmissing-include-dirs -Wempty-body -Wnested-externs -Wformat-security -Wformat-y2k -Winit-self -Wignored-qualifiers -Wold-style-declaration -Wold-style-definition -Wtype-limits -I/usr/include/libpng12 -o /tmp/qemu-conf--8137-.exe /tmp/qemu-conf--8137-.c -Wl,-z,relro -Wl,-z,now -pie -m32 -g
/tmp/ccZa6l7H.o: In function `main':
/tmp/qemu-conf--8137-.c:4: undefined reference to `timer_create'
/tmp/qemu-conf--8137-.c:5: undefined reference to `clock_gettime'
collect2: ld returned 1 exit status
gcc -fPIE -DPIE -m32 -D_GNU_SOURCE -D_FILE_OFFSET_BITS=64 -D_LARGEFILE_SOURCE -Wstrict-prototypes -Wredundant-decls -Wall -Wundef -Wwrite-strings -Wmissing-prototypes -fno-strict-aliasing -fstack-protector-all -Wendif-labels -Wmissing-include-dirs -Wempty-body -Wnested-externs -Wformat-security -Wformat-y2k -Winit-self -Wignored-qualifiers -Wold-style-declaration -Wold-style-definition -Wtype-limits -I/usr/include/libpng12 -o /tmp/qemu-conf--8137-.exe /tmp/qemu-conf--8137-.c -Wl,-z,relro -Wl,-z,now -pie -m32 -g -lrt -pthread
gcc -fPIE -DPIE -m32 -D_GNU_SOURCE -D_FILE_OFFSET_BITS=64 -D_LARGEFILE_SOURCE -Wstrict-prototypes -Wredundant-decls -Wall -Wundef -Wwrite-strings -Wmissing-prototypes -fno-strict-aliasing -fstack-protector-all -Wendif-labels -Wmissing-include-dirs -Wempty-body -Wnested-externs -Wformat-security -Wformat-y2k -Winit-self -Wignored-qualifiers -Wold-style-declaration -Wold-style-definition -Wtype-limits -I/usr/include/libpng12 -o /tmp/qemu-conf--8137-.exe /tmp/qemu-conf--8137-.c -Wl,-z,relro -Wl,-z,now -pie -m32 -g
gcc -fPIE -DPIE -m32 -D_GNU_SOURCE -D_FILE_OFFSET_BITS=64 -D_LARGEFILE_SOURCE -Wstrict-prototypes -Wredundant-decls -Wall -Wundef -Wwrite-strings -Wmissing-prototypes -fno-strict-aliasing -fstack-protector-all -Wendif-labels -Wmissing-include-dirs -Wempty-body -Wnested-externs -Wformat-security -Wformat-y2k -Winit-self -Wignored-qualifiers -Wold-style-declaration -Wold-style-definition -Wtype-limits -I/usr/include/libpng12 -o /tmp/qemu-conf--8137-.exe /tmp/qemu-conf--8137-.c -Wl,-z,relro -Wl,-z,now -pie -m32 -g
gcc -fPIE -DPIE -m32 -D_GNU_SOURCE -D_FILE_OFFSET_BITS=64 -D_LARGEFILE_SOURCE -Wstrict-prototypes -Wredundant-decls -Wall -Wundef -Wwrite-strings -Wmissing-prototypes -fno-strict-aliasing -fstack-protector-all -Wendif-labels -Wmissing-include-dirs -Wempty-body -Wnested-externs -Wformat-security -Wformat-y2k -Winit-self -Wignored-qualifiers -Wold-style-declaration -Wold-style-definition -Wtype-limits -I/usr/include/libpng12 -o /tmp/qemu-conf--8137-.exe /tmp/qemu-conf--8137-.c -Wl,-z,relro -Wl,-z,now -pie -m32 -g
gcc -fPIE -DPIE -m32 -D_GNU_SOURCE -D_FILE_OFFSET_BITS=64 -D_LARGEFILE_SOURCE -Wstrict-prototypes -Wredundant-decls -Wall -Wundef -Wwrite-strings -Wmissing-prototypes -fno-strict-aliasing -fstack-protector-all -Wendif-labels -Wmissing-include-dirs -Wempty-body -Wnested-externs -Wformat-security -Wformat-y2k -Winit-self -Wignored-qualifiers -Wold-style-declaration -Wold-style-definition -Wtype-limits -I/usr/include/libpng12 -o /tmp/qemu-conf--8137-.exe /tmp/qemu-conf--8137-.c -Wl,-z,relro -Wl,-z,now -pie -m32 -g
gcc -fPIE -DPIE -m32 -D_GNU_SOURCE -D_FILE_OFFSET_BITS=64 -D_LARGEFILE_SOURCE -Wstrict-prototypes -Wredundant-decls -Wall -Wundef -Wwrite-strings -Wmissing-prototypes -fno-strict-aliasing -fstack-protector-all -Wendif-labels -Wmissing-include-dirs -Wempty-body -Wnested-externs -Wformat-security -Wformat-y2k -Winit-self -Wignored-qualifiers -Wold-style-declaration -Wold-style-definition -Wtype-limits -I/usr/include/libpng12 -o /tmp/qemu-conf--8137-.exe /tmp/qemu-conf--8137-.c -Wl,-z,relro -Wl,-z,now -pie -m32 -g
gcc -fPIE -DPIE -m32 -D_GNU_SOURCE -D_FILE_OFFSET_BITS=64 -D_LARGEFILE_SOURCE -Wstrict-prototypes -Wredundant-decls -Wall -Wundef -Wwrite-strings -Wmissing-prototypes -fno-strict-aliasing -fstack-protector-all -Wendif-labels -Wmissing-include-dirs -Wempty-body -Wnested-externs -Wformat-security -Wformat-y2k -Winit-self -Wignored-qualifiers -Wold-style-declaration -Wold-style-definition -Wtype-limits -I/usr/include/libpng12 -o /tmp/qemu-conf--8137-.exe /tmp/qemu-conf--8137-.c -Wl,-z,relro -Wl,-z,now -pie -m32 -g
gcc -fPIE -DPIE -m32 -D_GNU_SOURCE -D_FILE_OFFSET_BITS=64 -D_LARGEFILE_SOURCE -Wstrict-prototypes -Wredundant-decls -Wall -Wundef -Wwrite-strings -Wmissing-prototypes -fno-strict-aliasing -fstack-protector-all -Wendif-labels -Wmissing-include-dirs -Wempty-body -Wnested-externs -Wformat-security -Wformat-y2k -Winit-self -Wignored-qualifiers -Wold-style-declaration -Wold-style-definition -Wtype-limits -I/usr/include/libpng12 -o /tmp/qemu-conf--8137-.exe /tmp/qemu-conf--8137-.c -Wl,-z,relro -Wl,-z,now -pie -m32 -g
/tmp/qemu-conf--8137-.c:3:3: error: #error missing definition
gcc -fPIE -DPIE -m32 -D_GNU_SOURCE -D_FILE_OFFSET_BITS=64 -D_LARGEFILE_SOURCE -Wstrict-prototypes -Wredundant-decls -Wall -Wundef -Wwrite-strings -Wmissing-prototypes -fno-strict-aliasing -fstack-protector-all -Wendif-labels -Wmissing-include-dirs -Wempty-body -Wnested-externs -Wformat-security -Wformat-y2k -Winit-self -Wignored-qualifiers -Wold-style-declaration -Wold-style-definition -Wtype-limits -I/usr/include/libpng12 -o /tmp/qemu-conf--8137-.exe /tmp/qemu-conf--8137-.c -Wl,-z,relro -Wl,-z,now -pie -m32 -g
gcc -fPIE -DPIE -m32 -D_GNU_SOURCE -D_FILE_OFFSET_BITS=64 -D_LARGEFILE_SOURCE -Wstrict-prototypes -Wredundant-decls -Wall -Wundef -Wwrite-strings -Wmissing-prototypes -fno-strict-aliasing -fstack-protector-all -Wendif-labels -Wmissing-include-dirs -Wempty-body -Wnested-externs -Wformat-security -Wformat-y2k -Winit-self -Wignored-qualifiers -Wold-style-declaration -Wold-style-definition -Wtype-limits -I/usr/include/libpng12 -Werror -o /tmp/qemu-conf--8137-.exe /tmp/qemu-conf--8137-.c -Wl,-z,relro -Wl,-z,now -pie -m32 -g
cc1: warnings being treated as errors
/tmp/qemu-conf--8137-.c:1: error: unknown option after ‘#pragma GCC diagnostic’ kind
gcc -fPIE -DPIE -m32 -D_GNU_SOURCE -D_FILE_OFFSET_BITS=64 -D_LARGEFILE_SOURCE -Wstrict-prototypes -Wredundant-decls -Wall -Wundef -Wwrite-strings -Wmissing-prototypes -fno-strict-aliasing -fstack-protector-all -Wendif-labels -Wmissing-include-dirs -Wempty-body -Wnested-externs -Wformat-security -Wformat-y2k -Winit-self -Wignored-qualifiers -Wold-style-declaration -Wold-style-definition -Wtype-limits -I/usr/include/libpng12 -o /tmp/qemu-conf--8137-.exe /tmp/qemu-conf--8137-.c -Wl,-z,relro -Wl,-z,now -pie -m32 -g
/tmp/qemu-conf--8137-.c:1:31: error: valgrind/valgrind.h: No such file or directory
/tmp/qemu-conf--8137-.c:2:31: error: valgrind/memcheck.h: No such file or directory
gcc -fPIE -DPIE -m32 -D_GNU_SOURCE -D_FILE_OFFSET_BITS=64 -D_LARGEFILE_SOURCE -Wstrict-prototypes -Wredundant-decls -Wall -Wundef -Wwrite-strings -Wmissing-prototypes -fno-strict-aliasing -fstack-protector-all -Wendif-labels -Wmissing-include-dirs -Wempty-body -Wnested-externs -Wformat-security -Wformat-y2k -Winit-self -Wignored-qualifiers -Wold-style-declaration -Wold-style-definition -Wtype-limits -I/usr/include/libpng12 -o /tmp/qemu-conf--8137-.exe /tmp/qemu-conf--8137-.c -Wl,-z,relro -Wl,-z,now -pie -m32 -g
